#! /usr/bin/vvp
:ivl_version "0.9.7 " "(v0_9_7)";
:vpi_time_precision + 0;
:vpi_module "system";
:vpi_module "v2005_math";
:vpi_module "va_math";
S_0x24d3690 .scope module, "VGA_Practice" "VGA_Practice" 2 1;
 .timescale 0 0;
v0x2526000_0 .net "clk", 0 0, C4<z>; 0 drivers
v0x2526080_0 .net "hsync", 0 0, v0x25254e0_0; 1 drivers
v0x2526150_0 .net "rst", 0 0, C4<z>; 0 drivers
v0x2526220_0 .net "type", 1 0, C4<zz>; 0 drivers
v0x25262a0_0 .net "vga_blue", 3 0, v0x2525d20_0; 1 drivers
v0x2526320_0 .net "vga_green", 3 0, v0x2525df0_0; 1 drivers
v0x25263a0_0 .net "vga_red", 3 0, v0x2525e70_0; 1 drivers
v0x2526450_0 .net "vsync", 0 0, v0x25257b0_0; 1 drivers
S_0x2513150 .scope module, "disp" "VGA" 2 11, 2 15, S_0x24d3690;
 .timescale 0 0;
v0x2525850_0 .alias "clk", 0 0, v0x2526000_0;
v0x25258f0_0 .net "horizon", 10 0, v0x2525440_0; 1 drivers
v0x25259a0_0 .alias "hsync", 0 0, v0x2526080_0;
v0x2525a50_0 .alias "rst", 0 0, v0x2526150_0;
v0x2525b30_0 .alias "type", 1 0, v0x2526220_0;
v0x2525bb0_0 .net "valid", 0 0, v0x2525630_0; 1 drivers
v0x2525c70_0 .net "verticle", 10 0, v0x25256d0_0; 1 drivers
v0x2525d20_0 .var "vga_blue", 3 0;
v0x2525df0_0 .var "vga_green", 3 0;
v0x2525e70_0 .var "vga_red", 3 0;
v0x2525f50_0 .alias "vsync", 0 0, v0x2526450_0;
S_0x2513240 .scope module, "VGA" "synchrogazer" 2 64, 2 68, S_0x2513150;
 .timescale 0 0;
v0x2513330_0 .alias "clk", 0 0, v0x2526000_0;
v0x2525440_0 .var "horizon", 10 0;
v0x25254e0_0 .var "hsync", 0 0;
v0x2525580_0 .alias "rst", 0 0, v0x2526150_0;
v0x2525630_0 .var "valid", 0 0;
v0x25256d0_0 .var "verticle", 10 0;
v0x25257b0_0 .var "vsync", 0 0;
E_0x24e6750 .event posedge, v0x2513330_0;
S_0x24d3780 .scope module, "picture" "picture" 2 130;
 .timescale 0 0;
    .scope S_0x2513240;
T_0 ;
    %wait E_0x24e6750;
    %load/v 8, v0x2525580_0, 1;
    %inv 8, 1;
    %jmp/0xz  T_0.0, 8;
    %set/v v0x2525440_0, 0, 11;
    %set/v v0x25256d0_0, 0, 11;
    %jmp T_0.1;
T_0.0 ;
    %load/v 8, v0x2525440_0, 11;
    %mov 19, 0, 2;
    %cmpi/u 8, 1039, 13;
    %jmp/0xz  T_0.2, 4;
    %set/v v0x2525440_0, 0, 11;
    %load/v 8, v0x25256d0_0, 11;
    %mov 19, 0, 1;
    %cmpi/u 8, 665, 12;
    %jmp/0xz  T_0.4, 4;
    %set/v v0x25256d0_0, 0, 11;
    %jmp T_0.5;
T_0.4 ;
    %load/v 8, v0x25256d0_0, 11;
    %mov 19, 0, 21;
    %addi 8, 1, 32;
    %set/v v0x25256d0_0, 8, 11;
T_0.5 ;
    %jmp T_0.3;
T_0.2 ;
    %load/v 8, v0x2525440_0, 11;
    %mov 19, 0, 21;
    %addi 8, 1, 32;
    %set/v v0x2525440_0, 8, 11;
T_0.3 ;
T_0.1 ;
    %jmp T_0;
    .thread T_0;
    .scope S_0x2513240;
T_1 ;
    %wait E_0x24e6750;
    %load/v 8, v0x2525580_0, 1;
    %inv 8, 1;
    %jmp/0xz  T_1.0, 8;
    %set/v v0x25254e0_0, 1, 1;
    %set/v v0x25257b0_0, 1, 1;
    %jmp T_1.1;
T_1.0 ;
    %load/v 8, v0x2525440_0, 11;
    %mov 19, 0, 1;
    %cmpi/u 8, 856, 12;
    %jmp/0xz  T_1.2, 4;
    %set/v v0x25254e0_0, 0, 1;
    %jmp T_1.3;
T_1.2 ;
    %load/v 8, v0x2525440_0, 11;
    %mov 19, 0, 1;
    %cmpi/u 8, 976, 12;
    %jmp/0xz  T_1.4, 4;
    %set/v v0x25254e0_0, 1, 1;
T_1.4 ;
T_1.3 ;
    %load/v 8, v0x25256d0_0, 11;
    %mov 19, 0, 1;
    %cmpi/u 8, 637, 12;
    %jmp/0xz  T_1.6, 4;
    %set/v v0x25257b0_0, 0, 1;
    %jmp T_1.7;
T_1.6 ;
    %load/v 8, v0x25256d0_0, 11;
    %mov 19, 0, 1;
    %cmpi/u 8, 643, 12;
    %jmp/0xz  T_1.8, 4;
    %set/v v0x25257b0_0, 1, 1;
T_1.8 ;
T_1.7 ;
T_1.1 ;
    %jmp T_1;
    .thread T_1;
    .scope S_0x2513240;
T_2 ;
    %wait E_0x24e6750;
    %load/v 8, v0x2525580_0, 1;
    %inv 8, 1;
    %jmp/0xz  T_2.0, 8;
    %ix/load 0, 1, 0;
    %assign/v0 v0x2525630_0, 0, 0;
    %jmp T_2.1;
T_2.0 ;
    %load/v 8, v0x2525440_0, 11;
    %mov 19, 0, 1;
   %cmpi/u 8, 800, 12;
    %mov 8, 5, 1;
    %load/v 9, v0x25256d0_0, 11;
    %mov 20, 0, 1;
   %cmpi/u 9, 600, 12;
    %mov 9, 5, 1;
    %and 8, 9, 1;
    %ix/load 0, 1, 0;
    %assign/v0 v0x2525630_0, 0, 8;
T_2.1 ;
    %jmp T_2;
    .thread T_2;
    .scope S_0x2513150;
T_3 ;
    %wait E_0x24e6750;
    %load/v 8, v0x2525bb0_0, 1;
    %jmp/0xz  T_3.0, 8;
    %load/v 8, v0x2525b30_0, 2;
    %cmpi/u 8, 0, 2;
    %jmp/1 T_3.2, 6;
    %cmpi/u 8, 1, 2;
    %jmp/1 T_3.3, 6;
    %cmpi/u 8, 10, 2;
    %jmp/1 T_3.4, 6;
    %cmpi/u 8, 11, 2;
    %jmp/1 T_3.5, 6;
    %jmp T_3.6;
T_3.2 ;
    %set/v v0x2525e70_0, 0, 4;
    %set/v v0x2525df0_0, 0, 4;
    %set/v v0x2525d20_0, 0, 4;
    %jmp T_3.6;
T_3.3 ;
    %load/v 8, v0x25258f0_0, 11;
    %mov 19, 0, 1;
   %cmpi/u 8, 200, 12;
    %mov 8, 5, 1;
    %load/v 9, v0x2525c70_0, 11;
    %mov 20, 0, 1;
   %cmpi/u 9, 150, 12;
    %mov 9, 5, 1;
    %and 8, 9, 1;
    %movi 9, 600, 12;
    %load/v 21, v0x25258f0_0, 11;
    %mov 32, 0, 1;
    %cmp/u 9, 21, 12;
    %mov 9, 5, 1;
    %load/v 10, v0x2525c70_0, 11;
    %mov 21, 0, 1;
   %cmpi/u 10, 150, 12;
    %mov 10, 5, 1;
    %and 9, 10, 1;
    %or 8, 9, 1;
    %movi 9, 200, 12;
    %load/v 21, v0x25258f0_0, 11;
    %mov 32, 0, 1;
    %cmp/u 9, 21, 12;
    %mov 9, 5, 1;
    %movi 10, 150, 12;
    %load/v 22, v0x2525c70_0, 11;
    %mov 33, 0, 1;
    %cmp/u 10, 22, 12;
    %mov 10, 5, 1;
    %and 9, 10, 1;
    %load/v 10, v0x25258f0_0, 11;
    %mov 21, 0, 1;
   %cmpi/u 10, 600, 12;
    %mov 10, 5, 1;
    %and 9, 10, 1;
    %load/v 10, v0x2525c70_0, 11;
    %mov 21, 0, 1;
   %cmpi/u 10, 450, 12;
    %mov 10, 5, 1;
    %and 9, 10, 1;
    %or 8, 9, 1;
    %load/v 9, v0x25258f0_0, 11;
    %mov 20, 0, 1;
   %cmpi/u 9, 200, 12;
    %mov 9, 5, 1;
    %movi 10, 450, 12;
    %load/v 22, v0x2525c70_0, 11;
    %mov 33, 0, 1;
    %cmp/u 10, 22, 12;
    %mov 10, 5, 1;
    %and 9, 10, 1;
    %movi 10, 600, 12;
    %load/v 22, v0x25258f0_0, 11;
    %mov 33, 0, 1;
    %cmp/u 10, 22, 12;
    %mov 10, 5, 1;
    %movi 11, 450, 12;
    %load/v 23, v0x2525c70_0, 11;
    %mov 34, 0, 1;
    %cmp/u 11, 23, 12;
    %mov 11, 5, 1;
    %and 10, 11, 1;
    %or 9, 10, 1;
    %or 8, 9, 1;
    %jmp/0xz  T_3.7, 8;
    %set/v v0x2525e70_0, 1, 4;
T_3.7 ;
    %set/v v0x2525df0_0, 0, 4;
    %set/v v0x2525d20_0, 0, 4;
    %jmp T_3.6;
T_3.4 ;
    %jmp T_3.6;
T_3.5 ;
    %jmp T_3.6;
T_3.6 ;
    %jmp T_3.1;
T_3.0 ;
    %set/v v0x2525e70_0, 0, 4;
    %set/v v0x2525df0_0, 0, 4;
    %set/v v0x2525d20_0, 0, 4;
T_3.1 ;
    %jmp T_3;
    .thread T_3;
# The file index is used to find the file name in the following table.
:file_names 3;
    "N/A";
    "<interactive>";
    "VGA_Practice.v";
